<?xml version="1.0" encoding="UTF-8"?><testsuite errors="1" failures="0" name="Bag buy" skipped="0" tests="1" time="8.27" timestamp="2023-09-15 02:58:09"><testcase name="Buy of bag the module &quot;Carrito&quot;,Login"><error message="no such window: target window already closed&#10;from unknown error: web view not found&#10;  (Session info: chrome=116.0.5845.188)&#10;Build info: version: '3.141.59', revision: 'e82be7d358', time: '2018-11-14T08:17:03'&#10;System info: host: 'DESKTOP-SN1JVCC', ip: '192.168.56.1', os.name: 'Windows 10', os.arch: 'amd64', os.version: '10.0', java.version: '1.8.0_161'&#10;Driver info: org.openqa.selenium.chrome.ChromeDriver&#10;Capabilities {acceptInsecureCerts: false, browserName: chrome, browserVersion: 116.0.5845.188, chrome: {chromedriverVersion: 116.0.5845.96 (1a3918166880..., userDataDir: C:\Users\FABRIC~1\AppData\L...}, fedcm:accounts: true, goog:chromeOptions: {debuggerAddress: localhost:57922}, javascriptEnabled: true, networkConnectionEnabled: false, pageLoadStrategy: normal, platform: WINDOWS, platformName: WINDOWS, proxy: Proxy(), setWindowRect: true, strictFileInteractability: false, timeouts: {implicit: 0, pageLoad: 300000, script: 30000}, unhandledPromptBehavior: dismiss and notify, webauthn:extension:credBlob: true, webauthn:extension:largeBlob: true, webauthn:extension:minPinLength: true, webauthn:extension:prf: true, webauthn:virtualAuthenticators: true}&#10;Session ID: adffdcf6e1cd29d7f550362f8a6d06f3&#10;*** Element info: {Using=xpath, value=//div[@class='myaccount']}" type="org.openqa.selenium.NoSuchWindowException">no such window: target window already closed
from unknown error: web view not found
  (Session info: chrome=116.0.5845.188)
Build info: version: '3.141.59', revision: 'e82be7d358', time: '2018-11-14T08:17:03'
System info: host: 'DESKTOP-SN1JVCC', ip: '192.168.56.1', os.name: 'Windows 10', os.arch: 'amd64', os.version: '10.0', java.version: '1.8.0_161'
Driver info: org.openqa.selenium.chrome.ChromeDriver
Capabilities {acceptInsecureCerts: false, browserName: chrome, browserVersion: 116.0.5845.188, chrome: {chromedriverVersion: 116.0.5845.96 (1a3918166880..., userDataDir: C:\Users\FABRIC~1\AppData\L...}, fedcm:accounts: true, goog:chromeOptions: {debuggerAddress: localhost:57922}, javascriptEnabled: true, networkConnectionEnabled: false, pageLoadStrategy: normal, platform: WINDOWS, platformName: WINDOWS, proxy: Proxy(), setWindowRect: true, strictFileInteractability: false, timeouts: {implicit: 0, pageLoad: 300000, script: 30000}, unhandledPromptBehavior: dismiss and notify, webauthn:extension:credBlob: true, webauthn:extension:largeBlob: true, webauthn:extension:minPinLength: true, webauthn:extension:prf: true, webauthn:virtualAuthenticators: true}
Session ID: adffdcf6e1cd29d7f550362f8a6d06f3
*** Element info: {Using=xpath, value=//div[@class='myaccount']}</error><system-err>no such window: target window already closed
from unknown error: web view not found
  (Session info: chrome=116.0.5845.188)
Build info: version: '3.141.59', revision: 'e82be7d358', time: '2018-11-14T08:17:03'
System info: host: 'DESKTOP-SN1JVCC', ip: '192.168.56.1', os.name: 'Windows 10', os.arch: 'amd64', os.version: '10.0', java.version: '1.8.0_161'
Driver info: org.openqa.selenium.chrome.ChromeDriver
Capabilities {acceptInsecureCerts: false, browserName: chrome, browserVersion: 116.0.5845.188, chrome: {chromedriverVersion: 116.0.5845.96 (1a3918166880..., userDataDir: C:\Users\FABRIC~1\AppData\L...}, fedcm:accounts: true, goog:chromeOptions: {debuggerAddress: localhost:57922}, javascriptEnabled: true, networkConnectionEnabled: false, pageLoadStrategy: normal, platform: WINDOWS, platformName: WINDOWS, proxy: Proxy(), setWindowRect: true, strictFileInteractability: false, timeouts: {implicit: 0, pageLoad: 300000, script: 30000}, unhandledPromptBehavior: dismiss and notify, webauthn:extension:credBlob: true, webauthn:extension:largeBlob: true, webauthn:extension:minPinLength: true, webauthn:extension:prf: true, webauthn:virtualAuthenticators: true}
Session ID: adffdcf6e1cd29d7f550362f8a6d06f3
*** Element info: {Using=xpath, value=//div[@class='myaccount']}&#13;
com.co.bonbonite.tasks.ShoesTasks.performAs(ShoesTasks.java:20)&#13;
com.co.bonbonite.stepsdefinitions.BagStepsDefinitions.heUserEnterWithHisCredentialAndSelectAProductOfMuduleBolsosBonbonerasAndCompleteDeFacturation(BagStepsDefinitions.java:75)&#13;
cucumber.runner.Runner.runPickle(Runner.java:80)&#13;
worker.org.gradle.process.internal.worker.GradleWorkerMain.run(GradleWorkerMain.java:69)&#13;
worker.org.gradle.process.internal.worker.GradleWorkerMain.main(GradleWorkerMain.java:74)&#13;
</system-err></testcase></testsuite>