<?xml version="1.0" encoding="UTF-8"?><testsuite errors="0" failures="1" name="Bag buy" skipped="0" tests="3" time="104.96" timestamp="2023-09-13 03:58:42"><testcase name="Aggregate of Bag Successfull the &quot;Lista de deseos&quot;"/><testcase name="Aggregate of Bag Successfull the &quot;Mi carrito&quot;"/><testcase name="Buy of Bag the Module &quot;Mi carrito&quot;"><failure message="Expected enabled element was not enabled" type="net.thucydides.core.webdriver.exceptions.ElementShouldBeEnabledException">Expected enabled element was not enabled</failure><system-err>Expected enabled element was not enabled&#13;
com.co.bonbonite.tasks.FacturationBag.performAs(FacturationBag.java:21)&#13;
com.co.bonbonite.stepsdefinitions.BagStepsDefinitions.theUserSelectAProductInTheWalletsModuleCarritoAndCompleteTheFormsForFacturation(BagStepsDefinitions.java:56)&#13;
cucumber.runner.Runner.runPickle(Runner.java:80)&#13;
worker.org.gradle.process.internal.worker.GradleWorkerMain.run(GradleWorkerMain.java:69)&#13;
worker.org.gradle.process.internal.worker.GradleWorkerMain.main(GradleWorkerMain.java:74)&#13;
</system-err></testcase></testsuite>