<?xml version="1.0" encoding="UTF-8"?><testsuite errors="0" failures="1" name="Bag buy" skipped="0" tests="2" time="154.01" timestamp="2023-09-13 10:00:03"><testcase name="Buy of Bag Successfull"/><testcase name="Aggregate of Bag Successfull"><failure message="Expected enabled element was not enabled" type="net.thucydides.core.webdriver.exceptions.ElementShouldBeEnabledException">Expected enabled element was not enabled</failure><system-err>Expected enabled element was not enabled&#13;
com.co.bonbonite.tasks.BagAgregateTask.performAs(BagAgregateTask.java:20)&#13;
com.co.bonbonite.stepsdefinitions.BagStepsDefinitions.theUserSelectsAProductInTheWalletsModuleAndSelectsTheAddToWishList(BagStepsDefinitions.java:31)&#13;
cucumber.runner.Runner.runPickle(Runner.java:80)&#13;
worker.org.gradle.process.internal.worker.GradleWorkerMain.run(GradleWorkerMain.java:69)&#13;
worker.org.gradle.process.internal.worker.GradleWorkerMain.main(GradleWorkerMain.java:74)&#13;
</system-err></testcase></testsuite>