<?xml version="1.0" encoding="UTF-8"?><testsuite errors="1" failures="0" name="Bag buy" skipped="0" tests="3" time="90.68" timestamp="2023-09-13 03:25:54"><testcase name="Aggregate of Bag Successfull the &quot;Lista de deseos&quot;"/><testcase name="Aggregate of Bag Successfull the &quot;Mi carrito&quot;"/><testcase name="Buy of Bag the Module &quot;Mi carrito&quot;"><error message="No such field com.co.bonbonite.models.Facturation.nombres" type="cucumber.runtime.CucumberException">No such field com.co.bonbonite.models.Facturation.nombres</error><system-err>No such field com.co.bonbonite.models.Facturation.nombres&#13;
cucumber.runner.Runner.runPickle(Runner.java:80)&#13;
worker.org.gradle.process.internal.worker.GradleWorkerMain.run(GradleWorkerMain.java:69)&#13;
worker.org.gradle.process.internal.worker.GradleWorkerMain.main(GradleWorkerMain.java:74)&#13;
</system-err></testcase></testsuite>